{"/home/yisroel/packages/barbells-all/barbells/src/index.ts": {"path":"/home/yisroel/packages/barbells-all/barbells/src/index.ts","statementMap":{"0":{"start":{"line":3,"column":27},"end":{"line":3,"column":63}},"1":{"start":{"line":4,"column":28},"end":{"line":4,"column":65}},"2":{"start":{"line":10,"column":0},"end":{"line":13,"column":null}}},"fnMap":{},"branchMap":{},"s":{"0":1,"1":1,"2":1},"f":{},"b":{}}
,"/home/yisroel/packages/barbells-all/barbells/src/custom/createHandlebars.ts": {"path":"/home/yisroel/packages/barbells-all/barbells/src/custom/createHandlebars.ts","statementMap":{"0":{"start":{"line":1,"column":23},"end":{"line":1,"column":58}},"1":{"start":{"line":4,"column":21},"end":{"line":4,"column":42}},"2":{"start":{"line":5,"column":2},"end":{"line":7,"column":null}},"3":{"start":{"line":8,"column":2},"end":{"line":10,"column":null}},"4":{"start":{"line":9,"column":4},"end":{"line":9,"column":null}},"5":{"start":{"line":12,"column":2},"end":{"line":14,"column":null}},"6":{"start":{"line":13,"column":4},"end":{"line":13,"column":null}},"7":{"start":{"line":16,"column":2},"end":{"line":20,"column":null}},"8":{"start":{"line":17,"column":4},"end":{"line":19,"column":null}},"9":{"start":{"line":22,"column":2},"end":{"line":26,"column":null}},"10":{"start":{"line":23,"column":4},"end":{"line":25,"column":null}},"11":{"start":{"line":28,"column":2},"end":{"line":35,"column":null}},"12":{"start":{"line":29,"column":4},"end":{"line":34,"column":null}},"13":{"start":{"line":37,"column":2},"end":{"line":41,"column":null}},"14":{"start":{"line":38,"column":4},"end":{"line":40,"column":null}},"15":{"start":{"line":43,"column":2},"end":{"line":47,"column":null}},"16":{"start":{"line":44,"column":4},"end":{"line":46,"column":null}},"17":{"start":{"line":48,"column":2},"end":{"line":48,"column":null}},"18":{"start":{"line":3,"column":0},"end":{"line":3,"column":16}}},"fnMap":{"0":{"name":"createHandlebars","decl":{"start":{"line":3,"column":16},"end":{"line":3,"column":32}},"loc":{"start":{"line":3,"column":32},"end":{"line":49,"column":1}}},"1":{"name":"(anonymous_1)","decl":{"start":{"line":8,"column":37},"end":{"line":8,"column":47}},"loc":{"start":{"line":8,"column":69},"end":{"line":10,"column":3}}},"2":{"name":"(anonymous_2)","decl":{"start":{"line":12,"column":36},"end":{"line":12,"column":46}},"loc":{"start":{"line":12,"column":58},"end":{"line":14,"column":3}}},"3":{"name":"(anonymous_3)","decl":{"start":{"line":16,"column":37},"end":{"line":16,"column":47}},"loc":{"start":{"line":16,"column":67},"end":{"line":20,"column":3}}},"4":{"name":"(anonymous_4)","decl":{"start":{"line":22,"column":35},"end":{"line":22,"column":45}},"loc":{"start":{"line":22,"column":65},"end":{"line":26,"column":3}}},"5":{"name":"(anonymous_5)","decl":{"start":{"line":28,"column":38},"end":{"line":28,"column":48}},"loc":{"start":{"line":28,"column":68},"end":{"line":35,"column":3}}},"6":{"name":"(anonymous_6)","decl":{"start":{"line":37,"column":43},"end":{"line":37,"column":53}},"loc":{"start":{"line":37,"column":73},"end":{"line":41,"column":3}}},"7":{"name":"(anonymous_7)","decl":{"start":{"line":43,"column":41},"end":{"line":43,"column":51}},"loc":{"start":{"line":43,"column":71},"end":{"line":47,"column":3}}}},"branchMap":{"0":{"loc":{"start":{"line":9,"column":18},"end":{"line":9,"column":21}},"type":"cond-expr","locations":[{"start":{"line":9,"column":18},"end":{"line":9,"column":21}},{"start":{"line":9,"column":24},"end":{"line":9,"column":27}}]}},"s":{"0":4,"1":8,"2":8,"3":8,"4":3,"5":8,"6":1,"7":8,"8":2,"9":8,"10":1,"11":8,"12":1,"13":8,"14":1,"15":8,"16":1,"17":8,"18":4},"f":{"0":8,"1":3,"2":1,"3":2,"4":1,"5":1,"6":1,"7":1},"b":{"0":[1,2]}}
,"/home/yisroel/packages/barbells-all/barbells/src/custom/expandNsbbreviations.ts": {"path":"/home/yisroel/packages/barbells-all/barbells/src/custom/expandNsbbreviations.ts","statementMap":{"0":{"start":{"line":1,"column":36},"end":{"line":1,"column":103}},"1":{"start":{"line":2,"column":23},"end":{"line":2,"column":58}},"2":{"start":{"line":5,"column":2},"end":{"line":10,"column":null}},"3":{"start":{"line":4,"column":0},"end":{"line":4,"column":16}}},"fnMap":{"0":{"name":"expandNsAbbreviations","decl":{"start":{"line":4,"column":16},"end":{"line":4,"column":37}},"loc":{"start":{"line":4,"column":54},"end":{"line":11,"column":1}}}},"branchMap":{},"s":{"0":4,"1":4,"2":16,"3":4},"f":{"0":16},"b":{}}
,"/home/yisroel/packages/barbells-all/barbells/src/custom/loadFileTemplate.ts": {"path":"/home/yisroel/packages/barbells-all/barbells/src/custom/loadFileTemplate.ts","statementMap":{"0":{"start":{"line":1,"column":0},"end":{"line":1,"column":60}},"1":{"start":{"line":4,"column":18},"end":{"line":4,"column":38}},"2":{"start":{"line":5,"column":11},"end":{"line":5,"column":30}},"3":{"start":{"line":11,"column":17},"end":{"line":11,"column":19}},"4":{"start":{"line":13,"column":2},"end":{"line":32,"column":null}},"5":{"start":{"line":14,"column":4},"end":{"line":14,"column":null}},"6":{"start":{"line":15,"column":4},"end":{"line":22,"column":null}},"7":{"start":{"line":21,"column":6},"end":{"line":21,"column":43}},"8":{"start":{"line":24,"column":4},"end":{"line":24,"column":null}},"9":{"start":{"line":27,"column":4},"end":{"line":27,"column":null}},"10":{"start":{"line":28,"column":4},"end":{"line":31,"column":null}},"11":{"start":{"line":34,"column":2},"end":{"line":34,"column":null}},"12":{"start":{"line":7,"column":0},"end":{"line":7,"column":7}}},"fnMap":{"0":{"name":"loadFileTemplate","decl":{"start":{"line":7,"column":22},"end":{"line":7,"column":38}},"loc":{"start":{"line":8,"column":82},"end":{"line":35,"column":1}}}},"branchMap":{"0":{"loc":{"start":{"line":8,"column":77},"end":{"line":8,"column":82}},"type":"default-arg","locations":[{"start":{"line":8,"column":77},"end":{"line":8,"column":82}}]},"1":{"loc":{"start":{"line":15,"column":4},"end":{"line":22,"column":null}},"type":"if","locations":[{"start":{"line":15,"column":4},"end":{"line":22,"column":null}},{"start":{"line":15,"column":4},"end":{"line":22,"column":null}}]},"2":{"loc":{"start":{"line":15,"column":8},"end":{"line":15,"column":19}},"type":"binary-expr","locations":[{"start":{"line":15,"column":8},"end":{"line":15,"column":19}},{"start":{"line":16,"column":6},"end":{"line":16,"column":16}},{"start":{"line":17,"column":6},"end":{"line":18,"column":null}}]}},"s":{"0":3,"1":3,"2":3,"3":3,"4":3,"5":3,"6":2,"7":1,"8":2,"9":1,"10":1,"11":2,"12":3},"f":{"0":3},"b":{"0":[3],"1":[1,1],"2":[2,2,1]}}
,"/home/yisroel/packages/barbells-all/barbells/src/custom/prepareHandlebars.ts": {"path":"/home/yisroel/packages/barbells-all/barbells/src/custom/prepareHandlebars.ts","statementMap":{"0":{"start":{"line":1,"column":0},"end":{"line":1,"column":51}},"1":{"start":{"line":2,"column":0},"end":{"line":2,"column":49}},"2":{"start":{"line":3,"column":0},"end":{"line":3,"column":51}},"3":{"start":{"line":4,"column":11},"end":{"line":4,"column":30}},"4":{"start":{"line":7,"column":2},"end":{"line":7,"column":null}},"5":{"start":{"line":7,"column":40},"end":{"line":7,"column":null}},"6":{"start":{"line":8,"column":21},"end":{"line":8,"column":39}},"7":{"start":{"line":11,"column":2},"end":{"line":11,"column":null}},"8":{"start":{"line":12,"column":2},"end":{"line":12,"column":null}},"9":{"start":{"line":14,"column":2},"end":{"line":14,"column":null}},"10":{"start":{"line":6,"column":0},"end":{"line":6,"column":7}}},"fnMap":{"0":{"name":"prepareHandlebars","decl":{"start":{"line":6,"column":22},"end":{"line":6,"column":39}},"loc":{"start":{"line":6,"column":58},"end":{"line":15,"column":1}}}},"branchMap":{"0":{"loc":{"start":{"line":7,"column":2},"end":{"line":7,"column":null}},"type":"if","locations":[{"start":{"line":7,"column":2},"end":{"line":7,"column":null}},{"start":{"line":7,"column":2},"end":{"line":7,"column":null}}]}},"s":{"0":4,"1":4,"2":4,"3":4,"4":9,"5":1,"6":8,"7":8,"8":8,"9":8,"10":4},"f":{"0":9},"b":{"0":[1,8]}}
,"/home/yisroel/packages/barbells-all/barbells/src/custom/registerHelpers.ts": {"path":"/home/yisroel/packages/barbells-all/barbells/src/custom/registerHelpers.ts","statementMap":{"0":{"start":{"line":1,"column":13},"end":{"line":1,"column":28}},"1":{"start":{"line":2,"column":11},"end":{"line":2,"column":30}},"2":{"start":{"line":6,"column":22},"end":{"line":6,"column":41}},"3":{"start":{"line":9,"column":2},"end":{"line":9,"column":null}},"4":{"start":{"line":13,"column":2},"end":{"line":13,"column":39}},"5":{"start":{"line":13,"column":33},"end":{"line":13,"column":39}},"6":{"start":{"line":14,"column":28},"end":{"line":14,"column":49}},"7":{"start":{"line":15,"column":2},"end":{"line":28,"column":null}},"8":{"start":{"line":16,"column":21},"end":{"line":16,"column":41}},"9":{"start":{"line":17,"column":21},"end":{"line":17,"column":45}},"10":{"start":{"line":19,"column":4},"end":{"line":22,"column":null}},"11":{"start":{"line":20,"column":6},"end":{"line":20,"column":null}},"12":{"start":{"line":21,"column":6},"end":{"line":21,"column":12}},"13":{"start":{"line":24,"column":4},"end":{"line":27,"column":null}},"14":{"start":{"line":25,"column":25},"end":{"line":25,"column":50}},"15":{"start":{"line":26,"column":6},"end":{"line":26,"column":null}},"16":{"start":{"line":12,"column":0},"end":{"line":12,"column":7}}},"fnMap":{"0":{"name":"registerHelper","decl":{"start":{"line":4,"column":9},"end":{"line":4,"column":23}},"loc":{"start":{"line":4,"column":67},"end":{"line":10,"column":1}}},"1":{"name":"registerHelpers","decl":{"start":{"line":12,"column":22},"end":{"line":12,"column":37}},"loc":{"start":{"line":12,"column":66},"end":{"line":29,"column":1}}},"2":{"name":"(anonymous_2)","decl":{"start":{"line":15,"column":32},"end":{"line":15,"column":37}},"loc":{"start":{"line":15,"column":49},"end":{"line":28,"column":3}}}},"branchMap":{"0":{"loc":{"start":{"line":13,"column":2},"end":{"line":13,"column":39}},"type":"if","locations":[{"start":{"line":13,"column":2},"end":{"line":13,"column":39}},{"start":{"line":13,"column":2},"end":{"line":13,"column":39}}]},"1":{"loc":{"start":{"line":19,"column":4},"end":{"line":22,"column":null}},"type":"if","locations":[{"start":{"line":19,"column":4},"end":{"line":22,"column":null}},{"start":{"line":19,"column":4},"end":{"line":22,"column":null}}]},"2":{"loc":{"start":{"line":24,"column":4},"end":{"line":27,"column":null}},"type":"if","locations":[{"start":{"line":24,"column":4},"end":{"line":27,"column":null}},{"start":{"line":24,"column":4},"end":{"line":27,"column":null}}]}},"s":{"0":4,"1":4,"2":21,"3":21,"4":15,"5":1,"6":14,"7":14,"8":35,"9":35,"10":35,"11":7,"12":7,"13":28,"14":21,"15":21,"16":4},"f":{"0":21,"1":15,"2":35},"b":{"0":[1,14],"1":[7,28],"2":[21,7]}}
,"/home/yisroel/packages/barbells-all/barbells/src/custom/registerPartials.ts": {"path":"/home/yisroel/packages/barbells-all/barbells/src/custom/registerPartials.ts","statementMap":{"0":{"start":{"line":1,"column":0},"end":{"line":1,"column":60}},"1":{"start":{"line":3,"column":13},"end":{"line":3,"column":28}},"2":{"start":{"line":4,"column":11},"end":{"line":4,"column":30}},"3":{"start":{"line":7,"column":23},"end":{"line":7,"column":25}},"4":{"start":{"line":8,"column":2},"end":{"line":12,"column":null}},"5":{"start":{"line":9,"column":4},"end":{"line":9,"column":null}},"6":{"start":{"line":11,"column":4},"end":{"line":11,"column":null}},"7":{"start":{"line":14,"column":2},"end":{"line":14,"column":null}},"8":{"start":{"line":15,"column":2},"end":{"line":15,"column":null}},"9":{"start":{"line":6,"column":0},"end":{"line":6,"column":7}},"10":{"start":{"line":20,"column":2},"end":{"line":20,"column":39}},"11":{"start":{"line":20,"column":33},"end":{"line":20,"column":39}},"12":{"start":{"line":21,"column":29},"end":{"line":21,"column":50}},"13":{"start":{"line":22,"column":2},"end":{"line":35,"column":null}},"14":{"start":{"line":23,"column":21},"end":{"line":23,"column":41}},"15":{"start":{"line":24,"column":21},"end":{"line":24,"column":45}},"16":{"start":{"line":26,"column":4},"end":{"line":29,"column":null}},"17":{"start":{"line":27,"column":6},"end":{"line":27,"column":null}},"18":{"start":{"line":28,"column":6},"end":{"line":28,"column":12}},"19":{"start":{"line":31,"column":4},"end":{"line":34,"column":null}},"20":{"start":{"line":32,"column":26},"end":{"line":32,"column":51}},"21":{"start":{"line":33,"column":6},"end":{"line":33,"column":null}},"22":{"start":{"line":18,"column":0},"end":{"line":18,"column":7}}},"fnMap":{"0":{"name":"registerPartial","decl":{"start":{"line":6,"column":22},"end":{"line":6,"column":37}},"loc":{"start":{"line":6,"column":81},"end":{"line":16,"column":1}}},"1":{"name":"registerPartials","decl":{"start":{"line":18,"column":22},"end":{"line":18,"column":38}},"loc":{"start":{"line":18,"column":67},"end":{"line":36,"column":1}}},"2":{"name":"(anonymous_2)","decl":{"start":{"line":22,"column":33},"end":{"line":22,"column":38}},"loc":{"start":{"line":22,"column":50},"end":{"line":35,"column":3}}}},"branchMap":{"0":{"loc":{"start":{"line":20,"column":2},"end":{"line":20,"column":39}},"type":"if","locations":[{"start":{"line":20,"column":2},"end":{"line":20,"column":39}},{"start":{"line":20,"column":2},"end":{"line":20,"column":39}}]},"1":{"loc":{"start":{"line":26,"column":4},"end":{"line":29,"column":null}},"type":"if","locations":[{"start":{"line":26,"column":4},"end":{"line":29,"column":null}},{"start":{"line":26,"column":4},"end":{"line":29,"column":null}}]},"2":{"loc":{"start":{"line":31,"column":4},"end":{"line":34,"column":null}},"type":"if","locations":[{"start":{"line":31,"column":4},"end":{"line":34,"column":null}},{"start":{"line":31,"column":4},"end":{"line":34,"column":null}}]},"3":{"loc":{"start":{"line":31,"column":8},"end":{"line":31,"column":27}},"type":"binary-expr","locations":[{"start":{"line":31,"column":8},"end":{"line":31,"column":27}},{"start":{"line":31,"column":31},"end":{"line":31,"column":57}}]}},"s":{"0":4,"1":4,"2":4,"3":15,"4":15,"5":15,"6":1,"7":14,"8":14,"9":4,"10":15,"11":1,"12":14,"13":14,"14":28,"15":28,"16":28,"17":7,"18":7,"19":21,"20":14,"21":14,"22":4},"f":{"0":15,"1":15,"2":28},"b":{"0":[1,14],"1":[7,21],"2":[14,7],"3":[21,7]}}
}
